<?xml version="1.0" encoding="UTF-8"?>
<testsuite xmlns:xsi="http://www.w3.org/2001/XMLSchema-instance" xsi:noNamespaceSchemaLocation="https://maven.apache.org/surefire/maven-surefire-plugin/xsd/surefire-test-report.xsd" version="3.0.2" name="com.example.springai.SpringAiApplicationTests" time="1.032" tests="1" errors="0" skipped="0" failures="0">
  <properties>
    <property name="java.specification.version" value="20"/>
    <property name="sun.jnu.encoding" value="UTF-8"/>
    <property name="java.class.path" value="/Users/joejoe/project/JAVA/JAVA-Project/SpringAI/target/test-classes:/Users/joejoe/project/JAVA/JAVA-Project/SpringAI/target/classes:/Users/joejoe/.m2/repository/org/springframework/boot/spring-boot-starter-web/3.5.6/spring-boot-starter-web-3.5.6.jar:/Users/joejoe/.m2/repository/org/springframework/boot/spring-boot-starter/3.5.6/spring-boot-starter-3.5.6.jar:/Users/joejoe/.m2/repository/org/springframework/boot/spring-boot/3.5.6/spring-boot-3.5.6.jar:/Users/joejoe/.m2/repository/org/springframework/boot/spring-boot-autoconfigure/3.5.6/spring-boot-autoconfigure-3.5.6.jar:/Users/joejoe/.m2/repository/org/springframework/boot/spring-boot-starter-logging/3.5.6/spring-boot-starter-logging-3.5.6.jar:/Users/joejoe/.m2/repository/ch/qos/logback/logback-classic/1.5.18/logback-classic-1.5.18.jar:/Users/joejoe/.m2/repository/ch/qos/logback/logback-core/1.5.18/logback-core-1.5.18.jar:/Users/joejoe/.m2/repository/org/apache/logging/log4j/log4j-to-slf4j/2.24.3/log4j-to-slf4j-2.24.3.jar:/Users/joejoe/.m2/repository/org/apache/logging/log4j/log4j-api/2.24.3/log4j-api-2.24.3.jar:/Users/joejoe/.m2/repository/org/slf4j/jul-to-slf4j/2.0.17/jul-to-slf4j-2.0.17.jar:/Users/joejoe/.m2/repository/jakarta/annotation/jakarta.annotation-api/2.1.1/jakarta.annotation-api-2.1.1.jar:/Users/joejoe/.m2/repository/org/yaml/snakeyaml/2.4/snakeyaml-2.4.jar:/Users/joejoe/.m2/repository/org/springframework/boot/spring-boot-starter-json/3.5.6/spring-boot-starter-json-3.5.6.jar:/Users/joejoe/.m2/repository/com/fasterxml/jackson/core/jackson-databind/2.19.2/jackson-databind-2.19.2.jar:/Users/joejoe/.m2/repository/com/fasterxml/jackson/core/jackson-annotations/2.19.2/jackson-annotations-2.19.2.jar:/Users/joejoe/.m2/repository/com/fasterxml/jackson/core/jackson-core/2.19.2/jackson-core-2.19.2.jar:/Users/joejoe/.m2/repository/com/fasterxml/jackson/datatype/jackson-datatype-jdk8/2.19.2/jackson-datatype-jdk8-2.19.2.jar:/Users/joejoe/.m2/repository/com/fasterxml/jackson/datatype/jackson-datatype-jsr310/2.19.2/jackson-datatype-jsr310-2.19.2.jar:/Users/joejoe/.m2/repository/com/fasterxml/jackson/module/jackson-module-parameter-names/2.19.2/jackson-module-parameter-names-2.19.2.jar:/Users/joejoe/.m2/repository/org/springframework/boot/spring-boot-starter-tomcat/3.5.6/spring-boot-starter-tomcat-3.5.6.jar:/Users/joejoe/.m2/repository/org/apache/tomcat/embed/tomcat-embed-core/10.1.46/tomcat-embed-core-10.1.46.jar:/Users/joejoe/.m2/repository/org/apache/tomcat/embed/tomcat-embed-el/10.1.46/tomcat-embed-el-10.1.46.jar:/Users/joejoe/.m2/repository/org/apache/tomcat/embed/tomcat-embed-websocket/10.1.46/tomcat-embed-websocket-10.1.46.jar:/Users/joejoe/.m2/repository/org/springframework/spring-web/6.2.11/spring-web-6.2.11.jar:/Users/joejoe/.m2/repository/org/springframework/spring-beans/6.2.11/spring-beans-6.2.11.jar:/Users/joejoe/.m2/repository/io/micrometer/micrometer-observation/1.15.4/micrometer-observation-1.15.4.jar:/Users/joejoe/.m2/repository/io/micrometer/micrometer-commons/1.15.4/micrometer-commons-1.15.4.jar:/Users/joejoe/.m2/repository/org/springframework/spring-webmvc/6.2.11/spring-webmvc-6.2.11.jar:/Users/joejoe/.m2/repository/org/springframework/spring-aop/6.2.11/spring-aop-6.2.11.jar:/Users/joejoe/.m2/repository/org/springframework/spring-context/6.2.11/spring-context-6.2.11.jar:/Users/joejoe/.m2/repository/org/springframework/spring-expression/6.2.11/spring-expression-6.2.11.jar:/Users/joejoe/.m2/repository/org/springframework/ai/spring-ai-starter-model-ollama/1.0.2/spring-ai-starter-model-ollama-1.0.2.jar:/Users/joejoe/.m2/repository/org/springframework/ai/spring-ai-autoconfigure-model-ollama/1.0.2/spring-ai-autoconfigure-model-ollama-1.0.2.jar:/Users/joejoe/.m2/repository/org/springframework/ai/spring-ai-autoconfigure-retry/1.0.2/spring-ai-autoconfigure-retry-1.0.2.jar:/Users/joejoe/.m2/repository/org/springframework/ai/spring-ai-autoconfigure-model-tool/1.0.2/spring-ai-autoconfigure-model-tool-1.0.2.jar:/Users/joejoe/.m2/repository/org/springframework/ai/spring-ai-autoconfigure-model-chat-observation/1.0.2/spring-ai-autoconfigure-model-chat-observation-1.0.2.jar:/Users/joejoe/.m2/repository/org/springframework/ai/spring-ai-autoconfigure-model-embedding-observation/1.0.2/spring-ai-autoconfigure-model-embedding-observation-1.0.2.jar:/Users/joejoe/.m2/repository/org/springframework/ai/spring-ai-ollama/1.0.2/spring-ai-ollama-1.0.2.jar:/Users/joejoe/.m2/repository/org/springframework/ai/spring-ai-model/1.0.2/spring-ai-model-1.0.2.jar:/Users/joejoe/.m2/repository/org/springframework/ai/spring-ai-commons/1.0.2/spring-ai-commons-1.0.2.jar:/Users/joejoe/.m2/repository/io/micrometer/micrometer-core/1.15.4/micrometer-core-1.15.4.jar:/Users/joejoe/.m2/repository/org/hdrhistogram/HdrHistogram/2.2.2/HdrHistogram-2.2.2.jar:/Users/joejoe/.m2/repository/org/latencyutils/LatencyUtils/2.0.3/LatencyUtils-2.0.3.jar:/Users/joejoe/.m2/repository/io/micrometer/context-propagation/1.1.3/context-propagation-1.1.3.jar:/Users/joejoe/.m2/repository/org/springframework/ai/spring-ai-template-st/1.0.2/spring-ai-template-st-1.0.2.jar:/Users/joejoe/.m2/repository/org/antlr/ST4/4.3.4/ST4-4.3.4.jar:/Users/joejoe/.m2/repository/org/antlr/antlr-runtime/3.5.3/antlr-runtime-3.5.3.jar:/Users/joejoe/.m2/repository/org/springframework/spring-messaging/6.2.11/spring-messaging-6.2.11.jar:/Users/joejoe/.m2/repository/io/projectreactor/reactor-core/3.7.11/reactor-core-3.7.11.jar:/Users/joejoe/.m2/repository/org/reactivestreams/reactive-streams/1.0.4/reactive-streams-1.0.4.jar:/Users/joejoe/.m2/repository/org/antlr/antlr4-runtime/4.13.1/antlr4-runtime-4.13.1.jar:/Users/joejoe/.m2/repository/com/github/victools/jsonschema-generator/4.37.0/jsonschema-generator-4.37.0.jar:/Users/joejoe/.m2/repository/com/fasterxml/classmate/1.7.0/classmate-1.7.0.jar:/Users/joejoe/.m2/repository/com/github/victools/jsonschema-module-jackson/4.37.0/jsonschema-module-jackson-4.37.0.jar:/Users/joejoe/.m2/repository/com/github/victools/jsonschema-module-swagger-2/4.37.0/jsonschema-module-swagger-2-4.37.0.jar:/Users/joejoe/.m2/repository/io/swagger/core/v3/swagger-annotations-jakarta/2.2.30/swagger-annotations-jakarta-2.2.30.jar:/Users/joejoe/.m2/repository/org/springframework/ai/spring-ai-retry/1.0.2/spring-ai-retry-1.0.2.jar:/Users/joejoe/.m2/repository/org/springframework/retry/spring-retry/2.0.12/spring-retry-2.0.12.jar:/Users/joejoe/.m2/repository/org/springframework/spring-webflux/6.2.11/spring-webflux-6.2.11.jar:/Users/joejoe/.m2/repository/org/slf4j/slf4j-api/2.0.17/slf4j-api-2.0.17.jar:/Users/joejoe/.m2/repository/org/springframework/ai/spring-ai-autoconfigure-model-chat-client/1.0.2/spring-ai-autoconfigure-model-chat-client-1.0.2.jar:/Users/joejoe/.m2/repository/org/springframework/ai/spring-ai-client-chat/1.0.2/spring-ai-client-chat-1.0.2.jar:/Users/joejoe/.m2/repository/com/fasterxml/jackson/module/jackson-module-jsonSchema/2.19.2/jackson-module-jsonSchema-2.19.2.jar:/Users/joejoe/.m2/repository/javax/validation/validation-api/1.1.0.Final/validation-api-1.1.0.Final.jar:/Users/joejoe/.m2/repository/com/knuddels/jtokkit/1.1.0/jtokkit-1.1.0.jar:/Users/joejoe/.m2/repository/org/springframework/ai/spring-ai-autoconfigure-model-chat-memory/1.0.2/spring-ai-autoconfigure-model-chat-memory-1.0.2.jar:/Users/joejoe/.m2/repository/com/mysql/mysql-connector-j/9.4.0/mysql-connector-j-9.4.0.jar:/Users/joejoe/.m2/repository/org/springframework/boot/spring-boot-starter-test/3.5.6/spring-boot-starter-test-3.5.6.jar:/Users/joejoe/.m2/repository/org/springframework/boot/spring-boot-test/3.5.6/spring-boot-test-3.5.6.jar:/Users/joejoe/.m2/repository/org/springframework/boot/spring-boot-test-autoconfigure/3.5.6/spring-boot-test-autoconfigure-3.5.6.jar:/Users/joejoe/.m2/repository/com/jayway/jsonpath/json-path/2.9.0/json-path-2.9.0.jar:/Users/joejoe/.m2/repository/jakarta/xml/bind/jakarta.xml.bind-api/4.0.2/jakarta.xml.bind-api-4.0.2.jar:/Users/joejoe/.m2/repository/jakarta/activation/jakarta.activation-api/2.1.4/jakarta.activation-api-2.1.4.jar:/Users/joejoe/.m2/repository/net/minidev/json-smart/2.5.2/json-smart-2.5.2.jar:/Users/joejoe/.m2/repository/net/minidev/accessors-smart/2.5.2/accessors-smart-2.5.2.jar:/Users/joejoe/.m2/repository/org/ow2/asm/asm/9.7.1/asm-9.7.1.jar:/Users/joejoe/.m2/repository/org/assertj/assertj-core/3.27.4/assertj-core-3.27.4.jar:/Users/joejoe/.m2/repository/net/bytebuddy/byte-buddy/1.17.7/byte-buddy-1.17.7.jar:/Users/joejoe/.m2/repository/org/awaitility/awaitility/4.2.2/awaitility-4.2.2.jar:/Users/joejoe/.m2/repository/org/hamcrest/hamcrest/3.0/hamcrest-3.0.jar:/Users/joejoe/.m2/repository/org/junit/jupiter/junit-jupiter/5.12.2/junit-jupiter-5.12.2.jar:/Users/joejoe/.m2/repository/org/junit/jupiter/junit-jupiter-api/5.12.2/junit-jupiter-api-5.12.2.jar:/Users/joejoe/.m2/repository/org/opentest4j/opentest4j/1.3.0/opentest4j-1.3.0.jar:/Users/joejoe/.m2/repository/org/junit/platform/junit-platform-commons/1.12.2/junit-platform-commons-1.12.2.jar:/Users/joejoe/.m2/repository/org/apiguardian/apiguardian-api/1.1.2/apiguardian-api-1.1.2.jar:/Users/joejoe/.m2/repository/org/junit/jupiter/junit-jupiter-params/5.12.2/junit-jupiter-params-5.12.2.jar:/Users/joejoe/.m2/repository/org/junit/jupiter/junit-jupiter-engine/5.12.2/junit-jupiter-engine-5.12.2.jar:/Users/joejoe/.m2/repository/org/junit/platform/junit-platform-engine/1.12.2/junit-platform-engine-1.12.2.jar:/Users/joejoe/.m2/repository/org/mockito/mockito-core/5.17.0/mockito-core-5.17.0.jar:/Users/joejoe/.m2/repository/net/bytebuddy/byte-buddy-agent/1.17.7/byte-buddy-agent-1.17.7.jar:/Users/joejoe/.m2/repository/org/objenesis/objenesis/3.3/objenesis-3.3.jar:/Users/joejoe/.m2/repository/org/mockito/mockito-junit-jupiter/5.17.0/mockito-junit-jupiter-5.17.0.jar:/Users/joejoe/.m2/repository/org/skyscreamer/jsonassert/1.5.3/jsonassert-1.5.3.jar:/Users/joejoe/.m2/repository/com/vaadin/external/google/android-json/0.0.20131108.vaadin1/android-json-0.0.20131108.vaadin1.jar:/Users/joejoe/.m2/repository/org/springframework/spring-core/6.2.11/spring-core-6.2.11.jar:/Users/joejoe/.m2/repository/org/springframework/spring-jcl/6.2.11/spring-jcl-6.2.11.jar:/Users/joejoe/.m2/repository/org/springframework/spring-test/6.2.11/spring-test-6.2.11.jar:/Users/joejoe/.m2/repository/org/xmlunit/xmlunit-core/2.10.4/xmlunit-core-2.10.4.jar:/Users/joejoe/.m2/repository/org/projectlombok/lombok/1.18.26/lombok-1.18.26.jar:"/>
    <property name="java.vm.vendor" value="Amazon.com Inc."/>
    <property name="sun.arch.data.model" value="64"/>
    <property name="java.vendor.url" value="https://aws.amazon.com/corretto/"/>
    <property name="user.timezone" value="Australia/Brisbane"/>
    <property name="os.name" value="Mac OS X"/>
    <property name="java.vm.specification.version" value="20"/>
    <property name="APPLICATION_NAME" value="SpringAI"/>
    <property name="sun.java.launcher" value="SUN_STANDARD"/>
    <property name="user.country" value="AU"/>
    <property name="sun.boot.library.path" value="/Users/joejoe/Library/Java/JavaVirtualMachines/corretto-20.0.2.1/Contents/Home/lib"/>
    <property name="sun.java.command" value="/Users/joejoe/project/JAVA/JAVA-Project/SpringAI/target/surefire/surefirebooter-20250925000212756_3.jar /Users/joejoe/project/JAVA/JAVA-Project/SpringAI/target/surefire 2025-09-25T00-02-12_722-jvmRun1 surefire-20250925000212756_1tmp surefire_0-20250925000212756_2tmp"/>
    <property name="http.nonProxyHosts" value="local|*.local|169.254/16|*.169.254/16"/>
    <property name="jdk.debug" value="release"/>
    <property name="surefire.test.class.path" value="/Users/joejoe/project/JAVA/JAVA-Project/SpringAI/target/test-classes:/Users/joejoe/project/JAVA/JAVA-Project/SpringAI/target/classes:/Users/joejoe/.m2/repository/org/springframework/boot/spring-boot-starter-web/3.5.6/spring-boot-starter-web-3.5.6.jar:/Users/joejoe/.m2/repository/org/springframework/boot/spring-boot-starter/3.5.6/spring-boot-starter-3.5.6.jar:/Users/joejoe/.m2/repository/org/springframework/boot/spring-boot/3.5.6/spring-boot-3.5.6.jar:/Users/joejoe/.m2/repository/org/springframework/boot/spring-boot-autoconfigure/3.5.6/spring-boot-autoconfigure-3.5.6.jar:/Users/joejoe/.m2/repository/org/springframework/boot/spring-boot-starter-logging/3.5.6/spring-boot-starter-logging-3.5.6.jar:/Users/joejoe/.m2/repository/ch/qos/logback/logback-classic/1.5.18/logback-classic-1.5.18.jar:/Users/joejoe/.m2/repository/ch/qos/logback/logback-core/1.5.18/logback-core-1.5.18.jar:/Users/joejoe/.m2/repository/org/apache/logging/log4j/log4j-to-slf4j/2.24.3/log4j-to-slf4j-2.24.3.jar:/Users/joejoe/.m2/repository/org/apache/logging/log4j/log4j-api/2.24.3/log4j-api-2.24.3.jar:/Users/joejoe/.m2/repository/org/slf4j/jul-to-slf4j/2.0.17/jul-to-slf4j-2.0.17.jar:/Users/joejoe/.m2/repository/jakarta/annotation/jakarta.annotation-api/2.1.1/jakarta.annotation-api-2.1.1.jar:/Users/joejoe/.m2/repository/org/yaml/snakeyaml/2.4/snakeyaml-2.4.jar:/Users/joejoe/.m2/repository/org/springframework/boot/spring-boot-starter-json/3.5.6/spring-boot-starter-json-3.5.6.jar:/Users/joejoe/.m2/repository/com/fasterxml/jackson/core/jackson-databind/2.19.2/jackson-databind-2.19.2.jar:/Users/joejoe/.m2/repository/com/fasterxml/jackson/core/jackson-annotations/2.19.2/jackson-annotations-2.19.2.jar:/Users/joejoe/.m2/repository/com/fasterxml/jackson/core/jackson-core/2.19.2/jackson-core-2.19.2.jar:/Users/joejoe/.m2/repository/com/fasterxml/jackson/datatype/jackson-datatype-jdk8/2.19.2/jackson-datatype-jdk8-2.19.2.jar:/Users/joejoe/.m2/repository/com/fasterxml/jackson/datatype/jackson-datatype-jsr310/2.19.2/jackson-datatype-jsr310-2.19.2.jar:/Users/joejoe/.m2/repository/com/fasterxml/jackson/module/jackson-module-parameter-names/2.19.2/jackson-module-parameter-names-2.19.2.jar:/Users/joejoe/.m2/repository/org/springframework/boot/spring-boot-starter-tomcat/3.5.6/spring-boot-starter-tomcat-3.5.6.jar:/Users/joejoe/.m2/repository/org/apache/tomcat/embed/tomcat-embed-core/10.1.46/tomcat-embed-core-10.1.46.jar:/Users/joejoe/.m2/repository/org/apache/tomcat/embed/tomcat-embed-el/10.1.46/tomcat-embed-el-10.1.46.jar:/Users/joejoe/.m2/repository/org/apache/tomcat/embed/tomcat-embed-websocket/10.1.46/tomcat-embed-websocket-10.1.46.jar:/Users/joejoe/.m2/repository/org/springframework/spring-web/6.2.11/spring-web-6.2.11.jar:/Users/joejoe/.m2/repository/org/springframework/spring-beans/6.2.11/spring-beans-6.2.11.jar:/Users/joejoe/.m2/repository/io/micrometer/micrometer-observation/1.15.4/micrometer-observation-1.15.4.jar:/Users/joejoe/.m2/repository/io/micrometer/micrometer-commons/1.15.4/micrometer-commons-1.15.4.jar:/Users/joejoe/.m2/repository/org/springframework/spring-webmvc/6.2.11/spring-webmvc-6.2.11.jar:/Users/joejoe/.m2/repository/org/springframework/spring-aop/6.2.11/spring-aop-6.2.11.jar:/Users/joejoe/.m2/repository/org/springframework/spring-context/6.2.11/spring-context-6.2.11.jar:/Users/joejoe/.m2/repository/org/springframework/spring-expression/6.2.11/spring-expression-6.2.11.jar:/Users/joejoe/.m2/repository/org/springframework/ai/spring-ai-starter-model-ollama/1.0.2/spring-ai-starter-model-ollama-1.0.2.jar:/Users/joejoe/.m2/repository/org/springframework/ai/spring-ai-autoconfigure-model-ollama/1.0.2/spring-ai-autoconfigure-model-ollama-1.0.2.jar:/Users/joejoe/.m2/repository/org/springframework/ai/spring-ai-autoconfigure-retry/1.0.2/spring-ai-autoconfigure-retry-1.0.2.jar:/Users/joejoe/.m2/repository/org/springframework/ai/spring-ai-autoconfigure-model-tool/1.0.2/spring-ai-autoconfigure-model-tool-1.0.2.jar:/Users/joejoe/.m2/repository/org/springframework/ai/spring-ai-autoconfigure-model-chat-observation/1.0.2/spring-ai-autoconfigure-model-chat-observation-1.0.2.jar:/Users/joejoe/.m2/repository/org/springframework/ai/spring-ai-autoconfigure-model-embedding-observation/1.0.2/spring-ai-autoconfigure-model-embedding-observation-1.0.2.jar:/Users/joejoe/.m2/repository/org/springframework/ai/spring-ai-ollama/1.0.2/spring-ai-ollama-1.0.2.jar:/Users/joejoe/.m2/repository/org/springframework/ai/spring-ai-model/1.0.2/spring-ai-model-1.0.2.jar:/Users/joejoe/.m2/repository/org/springframework/ai/spring-ai-commons/1.0.2/spring-ai-commons-1.0.2.jar:/Users/joejoe/.m2/repository/io/micrometer/micrometer-core/1.15.4/micrometer-core-1.15.4.jar:/Users/joejoe/.m2/repository/org/hdrhistogram/HdrHistogram/2.2.2/HdrHistogram-2.2.2.jar:/Users/joejoe/.m2/repository/org/latencyutils/LatencyUtils/2.0.3/LatencyUtils-2.0.3.jar:/Users/joejoe/.m2/repository/io/micrometer/context-propagation/1.1.3/context-propagation-1.1.3.jar:/Users/joejoe/.m2/repository/org/springframework/ai/spring-ai-template-st/1.0.2/spring-ai-template-st-1.0.2.jar:/Users/joejoe/.m2/repository/org/antlr/ST4/4.3.4/ST4-4.3.4.jar:/Users/joejoe/.m2/repository/org/antlr/antlr-runtime/3.5.3/antlr-runtime-3.5.3.jar:/Users/joejoe/.m2/repository/org/springframework/spring-messaging/6.2.11/spring-messaging-6.2.11.jar:/Users/joejoe/.m2/repository/io/projectreactor/reactor-core/3.7.11/reactor-core-3.7.11.jar:/Users/joejoe/.m2/repository/org/reactivestreams/reactive-streams/1.0.4/reactive-streams-1.0.4.jar:/Users/joejoe/.m2/repository/org/antlr/antlr4-runtime/4.13.1/antlr4-runtime-4.13.1.jar:/Users/joejoe/.m2/repository/com/github/victools/jsonschema-generator/4.37.0/jsonschema-generator-4.37.0.jar:/Users/joejoe/.m2/repository/com/fasterxml/classmate/1.7.0/classmate-1.7.0.jar:/Users/joejoe/.m2/repository/com/github/victools/jsonschema-module-jackson/4.37.0/jsonschema-module-jackson-4.37.0.jar:/Users/joejoe/.m2/repository/com/github/victools/jsonschema-module-swagger-2/4.37.0/jsonschema-module-swagger-2-4.37.0.jar:/Users/joejoe/.m2/repository/io/swagger/core/v3/swagger-annotations-jakarta/2.2.30/swagger-annotations-jakarta-2.2.30.jar:/Users/joejoe/.m2/repository/org/springframework/ai/spring-ai-retry/1.0.2/spring-ai-retry-1.0.2.jar:/Users/joejoe/.m2/repository/org/springframework/retry/spring-retry/2.0.12/spring-retry-2.0.12.jar:/Users/joejoe/.m2/repository/org/springframework/spring-webflux/6.2.11/spring-webflux-6.2.11.jar:/Users/joejoe/.m2/repository/org/slf4j/slf4j-api/2.0.17/slf4j-api-2.0.17.jar:/Users/joejoe/.m2/repository/org/springframework/ai/spring-ai-autoconfigure-model-chat-client/1.0.2/spring-ai-autoconfigure-model-chat-client-1.0.2.jar:/Users/joejoe/.m2/repository/org/springframework/ai/spring-ai-client-chat/1.0.2/spring-ai-client-chat-1.0.2.jar:/Users/joejoe/.m2/repository/com/fasterxml/jackson/module/jackson-module-jsonSchema/2.19.2/jackson-module-jsonSchema-2.19.2.jar:/Users/joejoe/.m2/repository/javax/validation/validation-api/1.1.0.Final/validation-api-1.1.0.Final.jar:/Users/joejoe/.m2/repository/com/knuddels/jtokkit/1.1.0/jtokkit-1.1.0.jar:/Users/joejoe/.m2/repository/org/springframework/ai/spring-ai-autoconfigure-model-chat-memory/1.0.2/spring-ai-autoconfigure-model-chat-memory-1.0.2.jar:/Users/joejoe/.m2/repository/com/mysql/mysql-connector-j/9.4.0/mysql-connector-j-9.4.0.jar:/Users/joejoe/.m2/repository/org/springframework/boot/spring-boot-starter-test/3.5.6/spring-boot-starter-test-3.5.6.jar:/Users/joejoe/.m2/repository/org/springframework/boot/spring-boot-test/3.5.6/spring-boot-test-3.5.6.jar:/Users/joejoe/.m2/repository/org/springframework/boot/spring-boot-test-autoconfigure/3.5.6/spring-boot-test-autoconfigure-3.5.6.jar:/Users/joejoe/.m2/repository/com/jayway/jsonpath/json-path/2.9.0/json-path-2.9.0.jar:/Users/joejoe/.m2/repository/jakarta/xml/bind/jakarta.xml.bind-api/4.0.2/jakarta.xml.bind-api-4.0.2.jar:/Users/joejoe/.m2/repository/jakarta/activation/jakarta.activation-api/2.1.4/jakarta.activation-api-2.1.4.jar:/Users/joejoe/.m2/repository/net/minidev/json-smart/2.5.2/json-smart-2.5.2.jar:/Users/joejoe/.m2/repository/net/minidev/accessors-smart/2.5.2/accessors-smart-2.5.2.jar:/Users/joejoe/.m2/repository/org/ow2/asm/asm/9.7.1/asm-9.7.1.jar:/Users/joejoe/.m2/repository/org/assertj/assertj-core/3.27.4/assertj-core-3.27.4.jar:/Users/joejoe/.m2/repository/net/bytebuddy/byte-buddy/1.17.7/byte-buddy-1.17.7.jar:/Users/joejoe/.m2/repository/org/awaitility/awaitility/4.2.2/awaitility-4.2.2.jar:/Users/joejoe/.m2/repository/org/hamcrest/hamcrest/3.0/hamcrest-3.0.jar:/Users/joejoe/.m2/repository/org/junit/jupiter/junit-jupiter/5.12.2/junit-jupiter-5.12.2.jar:/Users/joejoe/.m2/repository/org/junit/jupiter/junit-jupiter-api/5.12.2/junit-jupiter-api-5.12.2.jar:/Users/joejoe/.m2/repository/org/opentest4j/opentest4j/1.3.0/opentest4j-1.3.0.jar:/Users/joejoe/.m2/repository/org/junit/platform/junit-platform-commons/1.12.2/junit-platform-commons-1.12.2.jar:/Users/joejoe/.m2/repository/org/apiguardian/apiguardian-api/1.1.2/apiguardian-api-1.1.2.jar:/Users/joejoe/.m2/repository/org/junit/jupiter/junit-jupiter-params/5.12.2/junit-jupiter-params-5.12.2.jar:/Users/joejoe/.m2/repository/org/junit/jupiter/junit-jupiter-engine/5.12.2/junit-jupiter-engine-5.12.2.jar:/Users/joejoe/.m2/repository/org/junit/platform/junit-platform-engine/1.12.2/junit-platform-engine-1.12.2.jar:/Users/joejoe/.m2/repository/org/mockito/mockito-core/5.17.0/mockito-core-5.17.0.jar:/Users/joejoe/.m2/repository/net/bytebuddy/byte-buddy-agent/1.17.7/byte-buddy-agent-1.17.7.jar:/Users/joejoe/.m2/repository/org/objenesis/objenesis/3.3/objenesis-3.3.jar:/Users/joejoe/.m2/repository/org/mockito/mockito-junit-jupiter/5.17.0/mockito-junit-jupiter-5.17.0.jar:/Users/joejoe/.m2/repository/org/skyscreamer/jsonassert/1.5.3/jsonassert-1.5.3.jar:/Users/joejoe/.m2/repository/com/vaadin/external/google/android-json/0.0.20131108.vaadin1/android-json-0.0.20131108.vaadin1.jar:/Users/joejoe/.m2/repository/org/springframework/spring-core/6.2.11/spring-core-6.2.11.jar:/Users/joejoe/.m2/repository/org/springframework/spring-jcl/6.2.11/spring-jcl-6.2.11.jar:/Users/joejoe/.m2/repository/org/springframework/spring-test/6.2.11/spring-test-6.2.11.jar:/Users/joejoe/.m2/repository/org/xmlunit/xmlunit-core/2.10.4/xmlunit-core-2.10.4.jar:/Users/joejoe/.m2/repository/org/projectlombok/lombok/1.18.26/lombok-1.18.26.jar:"/>
    <property name="sun.cpu.endian" value="little"/>
    <property name="user.home" value="/Users/joejoe"/>
    <property name="user.language" value="zh"/>
    <property name="java.specification.vendor" value="Oracle Corporation"/>
    <property name="java.version.date" value="2023-08-22"/>
    <property name="java.home" value="/Users/joejoe/Library/Java/JavaVirtualMachines/corretto-20.0.2.1/Contents/Home"/>
    <property name="file.separator" value="/"/>
    <property name="basedir" value="/Users/joejoe/project/JAVA/JAVA-Project/SpringAI"/>
    <property name="java.vm.compressedOopsMode" value="Zero based"/>
    <property name="line.separator" value="&#10;"/>
    <property name="java.vm.specification.vendor" value="Oracle Corporation"/>
    <property name="java.specification.name" value="Java Platform API Specification"/>
    <property name="FILE_LOG_CHARSET" value="UTF-8"/>
    <property name="java.awt.headless" value="true"/>
    <property name="apple.awt.application.name" value="ForkedBooter"/>
    <property name="surefire.real.class.path" value="/Users/joejoe/project/JAVA/JAVA-Project/SpringAI/target/surefire/surefirebooter-20250925000212756_3.jar"/>
    <property name="user.script" value="Hans"/>
    <property name="sun.management.compiler" value="HotSpot 64-Bit Tiered Compilers"/>
    <property name="ftp.nonProxyHosts" value="local|*.local|169.254/16|*.169.254/16"/>
    <property name="java.runtime.version" value="20.0.2.1+10-FR"/>
    <property name="user.name" value="joejoe"/>
    <property name="stdout.encoding" value="UTF-8"/>
    <property name="path.separator" value=":"/>
    <property name="os.version" value="15.7"/>
    <property name="java.runtime.name" value="OpenJDK Runtime Environment"/>
    <property name="file.encoding" value="UTF-8"/>
    <property name="java.vm.name" value="OpenJDK 64-Bit Server VM"/>
    <property name="java.vendor.version" value="Corretto-20.0.2.10.1"/>
    <property name="localRepository" value="/Users/joejoe/.m2/repository"/>
    <property name="java.vendor.url.bug" value="https://github.com/corretto/corretto-20/issues/"/>
    <property name="java.io.tmpdir" value="/var/folders/3z/2zyzhx153s113qjlcw9h3hjc0000gn/T/"/>
    <property name="idea.version" value="2025.1.3"/>
    <property name="java.version" value="20.0.2.1"/>
    <property name="user.dir" value="/Users/joejoe/project/JAVA/JAVA-Project/SpringAI"/>
    <property name="os.arch" value="aarch64"/>
    <property name="java.vm.specification.name" value="Java Virtual Machine Specification"/>
    <property name="PID" value="29199"/>
    <property name="CONSOLE_LOG_CHARSET" value="UTF-8"/>
    <property name="native.encoding" value="UTF-8"/>
    <property name="java.library.path" value="/Users/joejoe/Library/Java/Extensions:/Library/Java/Extensions:/Network/Library/Java/Extensions:/System/Library/Java/Extensions:/usr/lib/java:."/>
    <property name="java.vm.info" value="mixed mode, sharing"/>
    <property name="stderr.encoding" value="UTF-8"/>
    <property name="java.vendor" value="Amazon.com Inc."/>
    <property name="java.vm.version" value="20.0.2.1+10-FR"/>
    <property name="sun.io.unicode.encoding" value="UnicodeBig"/>
    <property name="socksNonProxyHosts" value="local|*.local|169.254/16|*.169.254/16"/>
    <property name="java.class.version" value="64.0"/>
    <property name="LOGGED_APPLICATION_NAME" value="[SpringAI] "/>
  </properties>
  <testcase name="contextLoads" classname="com.example.springai.SpringAiApplicationTests" time="0.282">
    <system-out><![CDATA[00:02:13.018 [main] INFO org.springframework.test.context.support.AnnotationConfigContextLoaderUtils -- Could not detect default configuration classes for test class [com.example.springai.SpringAiApplicationTests]: SpringAiApplicationTests does not declare any static, non-private, non-final, nested classes annotated with @Configuration.
00:02:13.049 [main] INFO org.springframework.boot.test.context.SpringBootTestContextBootstrapper -- Found @SpringBootConfiguration com.example.springai.SpringAiApplication for test class com.example.springai.SpringAiApplicationTests

  .   ____          _            __ _ _
 /\\ / ___'_ __ _ _(_)_ __  __ _ \ \ \ \
( ( )\___ | '_ | '_| | '_ \/ _` | \ \ \ \
 \\/  ___)| |_)| | | | | || (_| |  ) ) ) )
  '  |____| .__|_| |_|_| |_\__, | / / / /
 =========|_|==============|___/=/_/_/_/

 :: Spring Boot ::                (v3.5.6)

2025-09-25T00:02:13.191+10:00  INFO 29199 --- [SpringAI] [           main] c.e.springai.SpringAiApplicationTests    : Starting SpringAiApplicationTests using Java 20.0.2.1 with PID 29199 (started by joejoe in /Users/joejoe/project/JAVA/JAVA-Project/SpringAI)
2025-09-25T00:02:13.191+10:00 DEBUG 29199 --- [SpringAI] [           main] c.e.springai.SpringAiApplicationTests    : Running with Spring Boot v3.5.6, Spring v6.2.11
2025-09-25T00:02:13.192+10:00  INFO 29199 --- [SpringAI] [           main] c.e.springai.SpringAiApplicationTests    : No active profile set, falling back to 1 default profile: "default"
2025-09-25T00:02:13.720+10:00  INFO 29199 --- [SpringAI] [           main] c.e.springai.SpringAiApplicationTests    : Started SpringAiApplicationTests in 0.63 seconds (process running for 0.929)
]]></system-out>
  </testcase>
</testsuite>